<!DOCTYPE html>
<html>
<head>
    <title>Test</title>
    <meta charset="utf-8">
    <meta name="viewport" content="width=device-width, initial-scale=1.0">
    <link rel="stylesheet" href="https://maxcdn.bootstrapcdn.com/bootstrap/3.3.6/css/bootstrap.min.css" integrity="sha384-1q8mTJOASx8j1Au+a5WDVnPi2lkFfwwEAa8hDDdjZlpLegxhjVME1fgjWPGmkzs7" crossorigin="anonymous">
</head>
<body>
    <div class="container">
        <div class="row">
            <div class="col-xs-12">
                <h2 class="text-capitalize">Test</h2>
                <p class='attribute'><strong>Start Time: </strong>2022-03-28 19:10:17</p>
                <p class='attribute'><strong>Duration: </strong>86.65 s</p>
                <p class='attribute'><strong>Summary: </strong>Total: 12, Pass: 5, Fail: 1, Error: 1, Skip: 5</p>
            </div>
        </div>
        <div class="row">
            <div class="col-xs-12 col-sm-10 col-md-10">
                <table class='table table-hover table-responsive'>
                    <thead>
                        <tr>
                            <th>Cursuri.Curs9.test4_unittest.Test</th>
                            <th>Status</th>
                            <th></th>
                        </tr>
                    </thead>
                    <tbody>
                        <tr class='info'>
                            <td class="col-xs-10">test_elem_atribute</td>
                            <td class="col-xs-1">
                                <span class="label label-info" style="display:block;width:40px;">Skip</span>
                            </td>
                            <td class="col-xs-1">
                            </td>
                        </tr>
                        <tr class='warning'>
                            <td class="col-xs-10">test_elem_not_displayed</td>
                            <td class="col-xs-1">
                                <span class="label label-warning" style="display:block;width:40px;">Error</span>
                            </td>
                            <td class="col-xs-1">
                                <button class="btn btn-default btn-xs">View</button>
                            </td>
                        </tr>
                        <tr style="display:none;">
                            <td class="col-xs-9" colspan="3"><p style="color:maroon;">NoSuchElementException: Message: no such element: Unable to locate element: {"method":"xpath","selector":"//input[@id="middle-name"]"}
  (Session info: chrome=99.0.4844.82)
Stacktrace:
Backtrace:
	Ordinal0 [0x011B9943+2595139]
	Ordinal0 [0x0114C9F1+2148849]
	Ordinal0 [0x01044528+1066280]
	Ordinal0 [0x01070FD4+1249236]
	Ordinal0 [0x010711CB+1249739]
	Ordinal0 [0x0109D812+1431570]
	Ordinal0 [0x0108BA34+1358388]
	Ordinal0 [0x0109BAF2+1424114]
	Ordinal0 [0x0108B806+1357830]
	Ordinal0 [0x01066086+1204358]
	Ordinal0 [0x01066F96+1208214]
	GetHandleVerifier [0x0135B232+1658114]
	GetHandleVerifier [0x0141312C+2411516]
	GetHandleVerifier [0x0124F261+560433]
	GetHandleVerifier [0x0124E366+556598]
	Ordinal0 [0x0115286B+2173035]
	Ordinal0 [0x011575F8+2192888]
	Ordinal0 [0x011576E5+2193125]
	Ordinal0 [0x011611FC+2232828]
	BaseThreadInitThunk [0x76B7FA29+25]
	RtlGetAppContainerNamedObjectPath [0x772C7A7E+286]
	RtlGetAppContainerNamedObjectPath [0x772C7A4E+238]
</p><p style="color:maroon;">Traceback (most recent call last):
  File "D:\ITFactoryCurs\AutomationClasses\Cursuri\Curs9\test4_unittest.py", line 67, in test_elem_not_displayed
    middle_name = self.chrome.find_element(*self.MIDDLE_NAME_INPUT)
  File "C:\Users\birle\AppData\Local\Programs\Python\Python310\lib\site-packages\selenium\webdriver\remote\webdriver.py", line 1248, in find_element
    return self.execute(Command.FIND_ELEMENT, {
  File "C:\Users\birle\AppData\Local\Programs\Python\Python310\lib\site-packages\selenium\webdriver\remote\webdriver.py", line 425, in execute
    self.error_handler.check_response(response)
  File "C:\Users\birle\AppData\Local\Programs\Python\Python310\lib\site-packages\selenium\webdriver\remote\errorhandler.py", line 247, in check_response
    raise exception_class(message, screen, stacktrace)
selenium.common.exceptions.NoSuchElementException: Message: no such element: Unable to locate element: {"method":"xpath","selector":"//input[@id="middle-name"]"}
  (Session info: chrome=99.0.4844.82)
Stacktrace:
Backtrace:
	Ordinal0 [0x011B9943+2595139]
	Ordinal0 [0x0114C9F1+2148849]
	Ordinal0 [0x01044528+1066280]
	Ordinal0 [0x01070FD4+1249236]
	Ordinal0 [0x010711CB+1249739]
	Ordinal0 [0x0109D812+1431570]
	Ordinal0 [0x0108BA34+1358388]
	Ordinal0 [0x0109BAF2+1424114]
	Ordinal0 [0x0108B806+1357830]
	Ordinal0 [0x01066086+1204358]
	Ordinal0 [0x01066F96+1208214]
	GetHandleVerifier [0x0135B232+1658114]
	GetHandleVerifier [0x0141312C+2411516]
	GetHandleVerifier [0x0124F261+560433]
	GetHandleVerifier [0x0124E366+556598]
	Ordinal0 [0x0115286B+2173035]
	Ordinal0 [0x011575F8+2192888]
	Ordinal0 [0x011576E5+2193125]
	Ordinal0 [0x011611FC+2232828]
	BaseThreadInitThunk [0x76B7FA29+25]
	RtlGetAppContainerNamedObjectPath [0x772C7A7E+286]
	RtlGetAppContainerNamedObjectPath [0x772C7A4E+238]



====== WebDriver manager ======
Current google-chrome version is 99.0.4844
Get LATEST chromedriver version for 99.0.4844 google-chrome
Trying to download new driver from https://chromedriver.storage.googleapis.com/99.0.4844.51/chromedriver_win32.zip
Driver has been saved in cache [C:\Users\birle\.wdm\drivers\chromedriver\win32\99.0.4844.51]
</p>
                            </td>
                        </tr>
                        <tr class='success'>
                            <td class="col-xs-10">test_elem_not_displayed_v1</td>
                            <td class="col-xs-1">
                                <span class="label label-success" style="display:block;width:40px;">Pass</span>
                            </td>
                            <td class="col-xs-1">
                            </td>
                        </tr>
                        <tr class='success'>
                            <td class="col-xs-10">test_elem_not_displayed_v2</td>
                            <td class="col-xs-1">
                                <span class="label label-success" style="display:block;width:40px;">Pass</span>
                            </td>
                            <td class="col-xs-1">
                            </td>
                        </tr>
                        <tr class='info'>
                            <td class="col-xs-10">test_elem_visible</td>
                            <td class="col-xs-1">
                                <span class="label label-info" style="display:block;width:40px;">Skip</span>
                            </td>
                            <td class="col-xs-1">
                            </td>
                        </tr>
                        <tr class='success'>
                            <td class="col-xs-10">test_page_title</td>
                            <td class="col-xs-1">
                                <span class="label label-success" style="display:block;width:40px;">Pass</span>
                            </td>
                            <td class="col-xs-1">
                            </td>
                        </tr>
                        <tr class='info'>
                            <td class="col-xs-10">test_submit_btn_text</td>
                            <td class="col-xs-1">
                                <span class="label label-info" style="display:block;width:40px;">Skip</span>
                            </td>
                            <td class="col-xs-1">
                            </td>
                        </tr>
                        <tr class='success'>
                            <td class="col-xs-10">test_url</td>
                            <td class="col-xs-1">
                                <span class="label label-success" style="display:block;width:40px;">Pass</span>
                            </td>
                            <td class="col-xs-1">
                            </td>
                        </tr>
                        <tr class='info'>
                            <td class="col-xs-10">test_url_waits</td>
                            <td class="col-xs-1">
                                <span class="label label-info" style="display:block;width:40px;">Skip</span>
                            </td>
                            <td class="col-xs-1">
                            </td>
                        </tr>
                        <tr>
                            <td colspan="3">
                                Total: 9, Pass: 4, Error: 1, Skip: 4 -- Duration: 39.36 s
                            </td>
                        </tr>
                    </tbody>
                </table>
            </div>
        </div>
        <div class="row">
            <div class="col-xs-12 col-sm-10 col-md-10">
                <table class='table table-hover table-responsive'>
                    <thead>
                        <tr>
                            <th>Cursuri.Curs9.test5_exercitiu.Test2</th>
                            <th>Status</th>
                            <th></th>
                        </tr>
                    </thead>
                    <tbody>
                        <tr class='info'>
                            <td class="col-xs-10">test_elem_visible</td>
                            <td class="col-xs-1">
                                <span class="label label-info" style="display:block;width:40px;">Skip</span>
                            </td>
                            <td class="col-xs-1">
                            </td>
                        </tr>
                        <tr class='danger'>
                            <td class="col-xs-10">test_page_title</td>
                            <td class="col-xs-1">
                                <span class="label label-danger" style="display:block;width:40px;">Fail</span>
                            </td>
                            <td class="col-xs-1">
                                <button class="btn btn-default btn-xs">View</button>
                            </td>
                        </tr>
                        <tr style="display:none;">
                            <td class="col-xs-9" colspan="3"><p style="color:maroon;">AssertionError: 'My Store' != 'Contact us - My Store'
- My Store
+ Contact us - My Store
 : Page title is incorrect</p><p style="color:maroon;">Traceback (most recent call last):
  File "D:\ITFactoryCurs\AutomationClasses\Cursuri\Curs9\test5_exercitiu.py", line 41, in test_page_title
    self.assertEqual(expected, actual, 'Page title is incorrect')
  File "C:\Program Files\JetBrains\PyCharm Community Edition 2021.3.1\plugins\python-ce\helpers\pycharm\teamcity\diff_tools.py", line 33, in _patched_equals
    old(self, first, second, msg)
AssertionError: 'My Store' != 'Contact us - My Store'
- My Store
+ Contact us - My Store
 : Page title is incorrect


====== WebDriver manager ======
Current google-chrome version is 99.0.4844
Get LATEST chromedriver version for 99.0.4844 google-chrome
Trying to download new driver from https://chromedriver.storage.googleapis.com/99.0.4844.51/chromedriver_win32.zip
Driver has been saved in cache [C:\Users\birle\.wdm\drivers\chromedriver\win32\99.0.4844.51]
</p>
                            </td>
                        </tr>
                        <tr class='success'>
                            <td class="col-xs-10">test_url</td>
                            <td class="col-xs-1">
                                <span class="label label-success" style="display:block;width:40px;">Pass</span>
                            </td>
                            <td class="col-xs-1">
                            </td>
                        </tr>
                        <tr>
                            <td colspan="3">
                                Total: 3, Pass: 1, Fail: 1, Skip: 1 -- Duration: 47.28 s
                            </td>
                        </tr>
                    </tbody>
                </table>
            </div>
        </div>
    </div>
    <script src="https://ajax.googleapis.com/ajax/libs/jquery/2.2.4/jquery.min.js"></script>
    <script type="text/javascript">
        $(document).ready(function(){
            $('td').on('click', '.btn', function(e){
                e.preventDefault();
                e.stopImmediatePropagation();
                var $this = $(this);
                var $nextRow = $this.closest('tr').next('tr');
                $nextRow.slideToggle("fast");
                $this.text(function(i, text){
                    if (text === 'View') {
                        return 'Hide';
                    } else {
                        return 'View';
                    };
                });
            });
        });
    </script>
</body>
</html